Start testing: Jul 23 05:35 KST
----------------------------------------------------------
1/4 Testing: shared_vision_core_ball_controller_test
1/4 Test: shared_vision_core_ball_controller_test
Command: "/home/noh/vision_core/build/shared_vision_core_ball_controller_test"
Directory: /home/noh/vision_core/build
"shared_vision_core_ball_controller_test" start time: Jul 23 05:35 KST
Output:
----------------------------------------------------------
ball controller tests passed
<end of output>
Test time =   0.00 sec
----------------------------------------------------------
Test Passed.
"shared_vision_core_ball_controller_test" end time: Jul 23 05:35 KST
"shared_vision_core_ball_controller_test" time elapsed: 00:00:00
----------------------------------------------------------

2/4 Testing: shared_vision_core_hurdle_controller_test
2/4 Test: shared_vision_core_hurdle_controller_test
Command: "/home/noh/vision_core/build/shared_vision_core_hurdle_controller_test"
Directory: /home/noh/vision_core/build
"shared_vision_core_hurdle_controller_test" start time: Jul 23 05:35 KST
Output:
----------------------------------------------------------
hurdle controller tests passed
<end of output>
Test time =   0.00 sec
----------------------------------------------------------
Test Passed.
"shared_vision_core_hurdle_controller_test" end time: Jul 23 05:35 KST
"shared_vision_core_hurdle_controller_test" time elapsed: 00:00:00
----------------------------------------------------------

3/4 Testing: shared_vision_core_goal_controller_test
3/4 Test: shared_vision_core_goal_controller_test
Command: "/home/noh/vision_core/build/shared_vision_core_goal_controller_test"
Directory: /home/noh/vision_core/build
"shared_vision_core_goal_controller_test" start time: Jul 23 05:35 KST
Output:
----------------------------------------------------------
goal controller tests passed
<end of output>
Test time =   0.00 sec
----------------------------------------------------------
Test Passed.
"shared_vision_core_goal_controller_test" end time: Jul 23 05:35 KST
"shared_vision_core_goal_controller_test" time elapsed: 00:00:00
----------------------------------------------------------

4/4 Testing: shared_vision_core_line_detection_stability_test
4/4 Test: shared_vision_core_line_detection_stability_test
Command: "/home/noh/vision_core/build/shared_vision_core_line_detection_stability_test"
Directory: /home/noh/vision_core/build
"shared_vision_core_line_detection_stability_test" start time: Jul 23 05:35 KST
Output:
----------------------------------------------------------
line detection stability tests passed
<end of output>
Test time =   0.00 sec
----------------------------------------------------------
Test Passed.
"shared_vision_core_line_detection_stability_test" end time: Jul 23 05:35 KST
"shared_vision_core_line_detection_stability_test" time elapsed: 00:00:00
----------------------------------------------------------

End testing: Jul 23 05:35 KST
